$ hardhat batchMint --log true --type $NAME --network hardhat
log true
csvPath /workspace/hopr-stake/inputs/Demo.csv

Need to mint NFTs:
┌─────────┬───────────┬────────────┬───────┐
│ (index) │   rank    │    apy     │ count │
├─────────┼───────────┼────────────┼───────┤
│    0    │ 'diamond' │ 10.0000656 │   1   │
└─────────┴───────────┴────────────┴───────┘

Running task "mintTokens" with config: {
  network: 'hardhat',
  executor: '0xf39Fd6e51aad88F6F4ce6aB8827279cffFb92266',
  hoprBoost: '0x43d13D7B83607F14335cF2cB75E87dA369D056c7'
}

Current network price { average: 1.22, fast: 2, slow: 1.22 }

There will be 1 transactions.

   >> Transaction Nr.0, data payload:
0x9365c53300000000000000000000000000000000000000000000000000000000000000a000000000000000000000000000000000000000000000000000000000000000e000000000000000000000000000000000000000000000000000000000000001200000000000000000000000000000000000000000000000000000000000000c630000000000000000000000000000000000000000000000000000000061e5685000000000000000000000000000000000000000000000000000000000000000010000000000000000000000002402da10a6172ed018aeea22ca60ede1f766655c000000000000000000000000000000000000000000000000000000000000000444656d6f0000000000000000000000000000000000000000000000000000000000000000000000000000000000000000000000000000000000000000000000076469616d6f6e6400000000000000000000000000000000000000000000000000

Contract tx hashs
┌─────────┬─────────────────────────────────────────────────────────────────────────────────────────────────────────────┐
│ (index) │                                                     url                                                     │
├─────────┼─────────────────────────────────────────────────────────────────────────────────────────────────────────────┤
│    0    │ 'https://blockscout.com/xdai/mainnet/tx/0xfca2ae4458426a0c2cb71c1051eae900296b22a97100a2a6b72aa3ef07565deb' │
└─────────┴─────────────────────────────────────────────────────────────────────────────────────────────────────────────┘

NFTs minted NFT in the [
  "0xfca2ae4458426a0c2cb71c1051eae900296b22a97100a2a6b72aa3ef07565deb"
] transaction
